2026-03-16T22:08:30+02:00 [ALERT:46] Anomaly detected : Unusual behaviour with parameter: temperature[C]
2026-03-16T22:09:25+02:00 [ALERT:46] Anomaly detected : Unusual behaviour with parameter: temperature[C]
2026-03-16T22:10:55+02:00 [ALERT:46] Anomaly detected : Unusual behaviour with parameter: temperature[C]
2026-03-16T22:16:05+02:00 [ALERT:46] Anomaly detected : Unusual behaviour with parameter: temperature[C]
2026-03-16T22:20:05+02:00 [ALERT:46] Anomaly detected : Unusual behaviour with parameter: temperature[C]
2026-03-16T22:21:45+02:00 [ALERT:46] Anomaly detected : Unusual behaviour with parameter: temperature[C]
2026-03-16T22:23:15+02:00 [ALERT:46] Anomaly detected : Unusual behaviour with parameter: temperature[C]
2026-03-20T19:14:50+02:00 [ALERT:46] Anomaly detected : Unusual behaviour with parameter: temperature[C]
2026-03-20T19:30:14+02:00 [ALERT:46] temperature too low : The temperature in bedroom is too low
2026-03-20T21:08:57+02:00 [ALERT:46] temperature too low : The temperature in bedroom is too low
2026-03-20T21:09:32+02:00 [ALERT:46] Temperature too low : The temperature in bedroom is under 20 degrees
2026-03-24T13:27:55+02:00 [ALERT:46] Temperature too low : The temperature in bedroom is under 20 degrees
2026-03-24T13:34:25+02:00 [ALERT:46] Temperature too low : The temperature in bedroom is under 20 degrees
2026-03-24T13:34:40+02:00 [ALERT:46] Temperature too low : The temperature in bedroom is under 20 degrees
2026-03-24T13:34:50+02:00 [ALERT:46] Temperature too low : The temperature in bedroom is under 20 degrees
2026-03-24T13:35:50+02:00 [ALERT:46] Temperature too low : The temperature in bedroom is under 20 degrees
2026-03-24T13:36:15+02:00 [ALERT:46] Temperature too low : The temperature in bedroom is under 20 degrees
2026-03-24T13:36:25+02:00 [ALERT:46] Temperature too low : The temperature in bedroom is under 20 degrees
2026-03-24T13:36:35+02:00 [ALERT:46] Temperature too low : The temperature in bedroom is under 20 degrees
2026-03-24T13:36:45+02:00 [ALERT:46] Temperature too low : The temperature in bedroom is under 20 degrees
2026-03-24T13:37:00+02:00 [ALERT:46] Temperature too low : The temperature in bedroom is under 20 degrees
2026-03-24T13:37:15+02:00 [ALERT:46] Temperature too low : The temperature in bedroom is under 20 degrees
2026-03-24T13:37:30+02:00 [ALERT:46] Temperature too low : The temperature in bedroom is under 20 degrees
2026-03-24T13:37:40+02:00 [ALERT:46] Temperature too high : The temperature in bedroom is too high
2026-03-24T13:37:55+02:00 [ALERT:46] Temperature too low : The temperature in bedroom is under 20 degrees
2026-03-24T13:38:35+02:00 [ALERT:46] Temperature too low : The temperature in bedroom is under 20 degrees
2026-03-24T13:39:15+02:00 [ALERT:46] Temperature too high : The temperature in bedroom is too high
2026-03-24T13:39:35+02:00 [ALERT:46] Temperature too low : The temperature in bedroom is under 20 degrees
2026-03-24T13:39:50+02:00 [ALERT:46] Temperature too low : The temperature in bedroom is under 20 degrees
2026-03-24T13:40:05+02:00 [ALERT:46] Temperature too low : The temperature in bedroom is under 20 degrees
2026-03-24T13:40:10+02:00 [ALERT:46] Temperature too high : The temperature in bedroom is too high
2026-03-24T13:40:20+02:00 [ALERT:46] Temperature too low : The temperature in bedroom is under 20 degrees
2026-03-24T13:40:40+02:00 [ALERT:46] Temperature too high : The temperature in bedroom is too high
2026-03-24T13:40:55+02:00 [ALERT:46] Temperature too low : The temperature in bedroom is under 20 degrees
2026-03-24T13:41:25+02:00 [ALERT:46] Temperature too low : The temperature in bedroom is under 20 degrees
2026-03-24T13:41:55+02:00 [ALERT:46] Temperature too low : The temperature in bedroom is under 20 degrees
2026-03-24T13:42:15+02:00 [ALERT:46] Temperature too low : The temperature in bedroom is under 20 degrees
2026-03-24T13:42:35+02:00 [ALERT:46] Temperature too low : The temperature in bedroom is under 20 degrees
2026-03-24T13:42:50+02:00 [ALERT:46] Temperature too low : The temperature in bedroom is under 20 degrees
2026-03-24T13:43:05+02:00 [ALERT:46] Temperature too low : The temperature in bedroom is under 20 degrees
2026-03-24T13:43:25+02:00 [ALERT:46] Temperature too low : The temperature in bedroom is under 20 degrees
2026-03-24T13:43:40+02:00 [ALERT:46] Temperature too low : The temperature in bedroom is under 20 degrees
2026-03-24T13:44:05+02:00 [ALERT:46] Temperature too low : The temperature in bedroom is under 20 degrees
2026-03-24T13:44:20+02:00 [ALERT:46] Temperature too low : The temperature in bedroom is under 20 degrees
2026-03-24T13:44:30+02:00 [ALERT:46] Temperature too high : The temperature in bedroom is too high
2026-03-24T13:44:35+02:00 [ALERT:46] Temperature too low : The temperature in bedroom is under 20 degrees
2026-03-24T13:44:55+02:00 [ALERT:46] Temperature too high : The temperature in bedroom is too high
2026-03-24T13:45:15+02:00 [ALERT:46] Temperature too low : The temperature in bedroom is under 20 degrees
2026-03-24T13:45:35+02:00 [ALERT:46] Temperature too high : The temperature in bedroom is too high
2026-03-24T13:45:55+02:00 [ALERT:46] Temperature too low : The temperature in bedroom is under 20 degrees
2026-03-24T13:46:15+02:00 [ALERT:46] Temperature too low : The temperature in bedroom is under 20 degrees
2026-03-24T13:46:20+02:00 [ALERT:46] Temperature too high : The temperature in bedroom is too high
2026-03-24T13:46:25+02:00 [ALERT:46] Temperature too low : The temperature in bedroom is under 20 degrees
2026-03-24T13:46:45+02:00 [ALERT:46] Temperature too low : The temperature in bedroom is under 20 degrees
2026-03-24T13:47:00+02:00 [ALERT:46] Temperature too low : The temperature in bedroom is under 20 degrees
2026-03-24T13:47:05+02:00 [ALERT:46] Temperature too high : The temperature in bedroom is too high
2026-03-24T13:47:20+02:00 [ALERT:46] Temperature too low : The temperature in bedroom is under 20 degrees
2026-03-24T13:47:30+02:00 [ALERT:46] Temperature too low : The temperature in bedroom is under 20 degrees
2026-03-24T13:48:10+02:00 [ALERT:46] Temperature too low : The temperature in bedroom is under 20 degrees
2026-03-24T13:48:25+02:00 [ALERT:46] Temperature too low : The temperature in bedroom is under 20 degrees
2026-03-24T13:48:35+02:00 [ALERT:46] Temperature too low : The temperature in bedroom is under 20 degrees
2026-03-24T13:48:50+02:00 [ALERT:46] Temperature too low : The temperature in bedroom is under 20 degrees
2026-03-24T13:49:15+02:00 [ALERT:46] Temperature too low : The temperature in bedroom is under 20 degrees
2026-03-24T13:49:25+02:00 [ALERT:46] Temperature too high : The temperature in bedroom is too high
2026-03-24T13:49:35+02:00 [ALERT:46] Temperature too low : The temperature in bedroom is under 20 degrees
2026-03-25T17:11:54+02:00 [ALERT:46] Temperature too low : The temperature in bedroom is under 20 degrees
2026-03-25T17:12:19+02:00 [ALERT:46] Temperature too low : The temperature in bedroom is under 20 degrees
2026-03-25T17:12:24+02:00 [ALERT:46] humidity too low : too low
2026-03-25T17:12:34+02:00 [ALERT:46] Temperature too low : The temperature in bedroom is under 20 degrees
2026-03-25T17:12:34+02:00 [ALERT:46] humidity too low : too low
2026-03-25T17:12:44+02:00 [ALERT:46] Temperature too low : The temperature in bedroom is under 20 degrees
2026-03-25T17:12:54+02:00 [ALERT:46] humidity too low : too low
