2026-02-21T13:31:10+02:00 [ALERTS-HANDLER] Started alerts handler
2026-02-21T13:31:10+02:00 [STREAMING] Streaming server started on port: 5003
2026-02-21T13:31:10+02:00 [MQTT-BROKER] MQTT Broker started on port: 5001
2026-02-21T13:31:11+02:00 [PIPELINES] Anomaly detection pipeline started
2026-02-21T13:31:11+02:00 [CMD-CLIENT] Client connected to broker
2026-02-21T13:31:14+02:00 [STREAMING] New client connected
2026-02-21T13:31:14+02:00 [STREAMING] Client subscribed to device: 46
2026-02-21T13:31:14+02:00 [STREAMING] Client subscribed to device: 47
2026-02-21T13:31:14+02:00 [STREAMING] Client subscribed to device: 48
2026-02-21T13:31:23+02:00 [STREAMING] Error reading message: websocket: close 1001 (going away)
2026-02-21T13:31:23+02:00 [STREAMING] Client disconnected
2026-02-21T13:32:28+02:00 [STREAMING] New client connected
2026-02-21T13:32:28+02:00 [STREAMING] Client subscribed to device: 46
2026-02-21T13:32:28+02:00 [STREAMING] Client subscribed to device: 47
2026-02-21T13:32:28+02:00 [STREAMING] Client subscribed to device: 48
2026-02-21T13:33:18+02:00 [STREAMING] Error reading message: read tcp 192.168.1.183:5003->192.168.1.230:64192: read: connection reset by peer
2026-02-21T13:33:18+02:00 [STREAMING] Client disconnected
2026-02-21T13:33:19+02:00 [MQTT-BROKER] New device connected: relay001
2026-02-21T13:33:24+02:00 [STREAMING] New client connected
2026-02-21T13:33:24+02:00 [STREAMING] Client subscribed to device: 46
2026-02-21T13:33:24+02:00 [STREAMING] Client subscribed to device: 47
2026-02-21T13:33:24+02:00 [STREAMING] Client subscribed to device: 48
2026-02-21T13:33:39+02:00 [STREAMING] Error reading message: websocket: close 1001 (going away)
2026-02-21T13:33:39+02:00 [STREAMING] Client disconnected
2026-02-21T13:33:42+02:00 [MQTT-BROKER] Device disconnected: relay001
2026-02-21T17:43:52+02:00 [ALERTS-HANDLER] Started alerts handler
2026-02-21T17:43:52+02:00 [STREAMING] Streaming server started on port: 5003
2026-02-21T17:43:52+02:00 [MQTT-BROKER] MQTT Broker started on port: 5001
2026-02-21T17:43:53+02:00 [PIPELINES] Anomaly detection pipeline started
2026-02-21T17:43:53+02:00 [CMD-CLIENT] Client connected to broker
2026-02-21T17:44:17+02:00 [STREAMING] New client connected
2026-02-21T17:44:17+02:00 [STREAMING] Client subscribed to device: 46
2026-02-21T17:44:17+02:00 [STREAMING] Client subscribed to device: 47
2026-02-21T17:44:17+02:00 [STREAMING] Client subscribed to device: 48
2026-02-21T17:45:56+02:00 [MQTT-BROKER] New device connected: relay001
2026-02-21T17:45:59+02:00 [STREAMING] Error reading message: websocket: close 1001 (going away)
2026-02-21T17:45:59+02:00 [STREAMING] Client disconnected
2026-02-21T17:46:00+02:00 [STREAMING] New client connected
2026-02-21T17:46:00+02:00 [STREAMING] Client subscribed to device: 46
2026-02-21T17:46:00+02:00 [STREAMING] Client subscribed to device: 47
2026-02-21T17:46:00+02:00 [STREAMING] Client subscribed to device: 48
2026-02-21T17:46:17+02:00 [STREAMING] New client connected
2026-02-21T17:46:17+02:00 [STREAMING] Client subscribed to device: 46
2026-02-21T17:46:17+02:00 [STREAMING] Client subscribed to device: 47
2026-02-21T17:46:17+02:00 [STREAMING] Client subscribed to device: 48
2026-02-21T17:46:50+02:00 [STREAMING] New client connected
2026-02-21T17:46:50+02:00 [STREAMING] Client subscribed to device: 46
2026-02-21T17:46:50+02:00 [STREAMING] Client subscribed to device: 47
2026-02-21T17:46:50+02:00 [STREAMING] Client subscribed to device: 48
2026-02-21T17:46:57+02:00 [MQTT-BROKER] Device disconnected: relay001
2026-02-21T17:46:59+02:00 [STREAMING] Error reading message: websocket: close 1001 (going away)
2026-02-21T17:46:59+02:00 [STREAMING] Error reading message: websocket: close 1001 (going away)
2026-02-21T17:46:59+02:00 [STREAMING] Error reading message: websocket: close 1001 (going away)
2026-02-21T17:46:59+02:00 [STREAMING] Client disconnected
2026-02-21T17:46:59+02:00 [STREAMING] Client disconnected
2026-02-21T17:46:59+02:00 [STREAMING] Client disconnected
2026-02-21T17:47:00+02:00 [STREAMING] New client connected
2026-02-21T17:47:00+02:00 [STREAMING] Client subscribed to device: 46
2026-02-21T17:47:00+02:00 [STREAMING] Client subscribed to device: 47
2026-02-21T17:47:00+02:00 [STREAMING] Client subscribed to device: 48
2026-02-21T17:50:28+02:00 [STREAMING] New client connected
2026-02-21T17:50:28+02:00 [STREAMING] Client subscribed to device: 46
2026-02-21T17:50:28+02:00 [STREAMING] Client subscribed to device: 47
2026-02-21T17:50:28+02:00 [STREAMING] Client subscribed to device: 48
2026-02-21T18:13:41+02:00 [ALERTS-HANDLER] Started alerts handler
2026-02-21T18:13:41+02:00 [STREAMING] Streaming server started on port: 5003
2026-02-21T18:13:41+02:00 [MQTT-BROKER] MQTT Broker started on port: 5001
2026-02-21T18:13:42+02:00 [PIPELINES] Anomaly detection pipeline started
2026-02-21T18:13:42+02:00 [CMD-CLIENT] Client connected to broker
2026-02-21T18:13:46+02:00 [MQTT-BROKER] New device connected: relay001
2026-02-21T18:13:50+02:00 [STREAMING] New client connected
2026-02-21T18:13:50+02:00 [STREAMING] Client subscribed to device: 46
2026-02-21T18:13:50+02:00 [STREAMING] Client subscribed to device: 47
2026-02-21T18:13:50+02:00 [STREAMING] Client subscribed to device: 48
2026-02-21T18:14:49+02:00 [ALERTS-HANDLER] Started alerts handler
2026-02-21T18:14:49+02:00 [STREAMING] Streaming server started on port: 5003
2026-02-21T18:14:49+02:00 [MQTT-BROKER] MQTT Broker started on port: 5001
2026-02-21T18:14:49+02:00 [MQTT-BROKER] New device connected: relay001
2026-02-21T18:14:50+02:00 [PIPELINES] Anomaly detection pipeline started
2026-02-21T18:14:50+02:00 [CMD-CLIENT] Client connected to broker
2026-02-21T18:14:53+02:00 [STREAMING] New client connected
2026-02-21T18:14:53+02:00 [STREAMING] Client subscribed to device: 46
2026-02-21T18:14:53+02:00 [STREAMING] Client subscribed to device: 47
2026-02-21T18:14:53+02:00 [STREAMING] Client subscribed to device: 48
2026-02-21T18:14:53+02:00 [STREAMING] Client subscribed to device: 48
2026-02-21T18:15:11+02:00 [STREAMING] Error reading message: websocket: close 1001 (going away)
2026-02-21T18:15:11+02:00 [STREAMING] Client disconnected
2026-02-21T18:15:11+02:00 [STREAMING] New client connected
2026-02-21T18:15:11+02:00 [STREAMING] Client subscribed to device: 46
2026-02-21T18:15:11+02:00 [STREAMING] Client subscribed to device: 47
2026-02-21T18:15:11+02:00 [STREAMING] Client subscribed to device: 48
2026-02-21T18:15:11+02:00 [STREAMING] Client subscribed to device: 48
2026-02-21T18:15:41+02:00 [MQTT-BROKER] Device disconnected: relay001
2026-02-21T18:15:43+02:00 [STREAMING] Error reading message: websocket: close 1001 (going away)
2026-02-21T18:15:43+02:00 [STREAMING] Client disconnected
2026-02-21T18:15:44+02:00 [STREAMING] New client connected
2026-02-21T18:15:44+02:00 [STREAMING] Client subscribed to device: 46
2026-02-21T18:15:44+02:00 [STREAMING] Client subscribed to device: 47
2026-02-21T18:15:44+02:00 [STREAMING] Client subscribed to device: 48
2026-02-21T18:15:44+02:00 [STREAMING] Client subscribed to device: 48
2026-02-21T18:15:49+02:00 [MQTT-BROKER] New device connected: relay001
2026-02-21T18:15:51+02:00 [STREAMING] Error reading message: websocket: close 1001 (going away)
2026-02-21T18:15:51+02:00 [STREAMING] Client disconnected
2026-02-21T18:15:51+02:00 [STREAMING] New client connected
2026-02-21T18:15:51+02:00 [STREAMING] Client subscribed to device: 46
2026-02-21T18:15:51+02:00 [STREAMING] Client subscribed to device: 47
2026-02-21T18:15:51+02:00 [STREAMING] Client subscribed to device: 48
2026-02-21T18:15:51+02:00 [STREAMING] Client subscribed to device: 48
2026-02-21T18:16:11+02:00 [STREAMING] New client connected
2026-02-21T18:16:11+02:00 [STREAMING] Client subscribed to device: 46
2026-02-21T18:16:11+02:00 [STREAMING] Client subscribed to device: 47
2026-02-21T18:16:11+02:00 [STREAMING] Client subscribed to device: 48
2026-02-21T18:16:11+02:00 [STREAMING] Client subscribed to device: 48
2026-02-21T18:16:41+02:00 [STREAMING] Error reading message: websocket: close 1001 (going away)
2026-02-21T18:16:41+02:00 [STREAMING] Client disconnected
2026-02-21T18:16:56+02:00 [MQTT-BROKER] Device disconnected: relay001
2026-02-21T18:17:00+02:00 [STREAMING] Error reading message: websocket: close 1001 (going away)
2026-02-21T18:17:00+02:00 [STREAMING] Client disconnected
2026-02-21T18:17:00+02:00 [STREAMING] New client connected
2026-02-21T18:17:00+02:00 [STREAMING] Client subscribed to device: 46
2026-02-21T18:17:00+02:00 [STREAMING] Client subscribed to device: 47
2026-02-21T18:17:00+02:00 [STREAMING] Client subscribed to device: 48
2026-02-21T18:17:00+02:00 [STREAMING] Client subscribed to device: 48
2026-02-21T18:26:50+02:00 [ALERTS-HANDLER] Started alerts handler
2026-02-21T18:26:50+02:00 [STREAMING] Streaming server started on port: 5003
2026-02-21T18:26:50+02:00 [MQTT-BROKER] MQTT Broker started on port: 5001
2026-02-21T18:26:51+02:00 [PIPELINES] Anomaly detection pipeline started
2026-02-21T18:26:51+02:00 [CMD-CLIENT] Client connected to broker
2026-02-21T18:27:38+02:00 [ALERTS-HANDLER] Started alerts handler
2026-02-21T18:27:38+02:00 [STREAMING] Streaming server started on port: 5003
2026-02-21T18:27:38+02:00 [MQTT-BROKER] MQTT Broker started on port: 5001
2026-02-21T18:27:39+02:00 [PIPELINES] Anomaly detection pipeline started
2026-02-21T18:27:39+02:00 [CMD-CLIENT] Client connected to broker
2026-02-21T18:27:46+02:00 [MQTT-BROKER] New device connected: relay001
2026-02-21T18:27:48+02:00 [STREAMING] New client connected
2026-02-21T18:27:48+02:00 [STREAMING] Client subscribed to device: 46
2026-02-21T18:27:48+02:00 [STREAMING] Client subscribed to device: 47
2026-02-21T18:27:48+02:00 [STREAMING] Client subscribed to device: 48
2026-02-21T18:27:48+02:00 [STREAMING] Client subscribed to device: 48
2026-02-21T18:27:50+02:00 [MQTT-BROKER] A client tried to publish in a forbidden topic: relay001
2026-02-21T18:27:50+02:00 [MQTT-BROKER] Device disconnected: relay001
2026-02-21T18:28:09+02:00 [MQTT-BROKER] New device connected: relay001
2026-02-21T18:28:13+02:00 [STREAMING] Error reading message: websocket: close 1001 (going away)
2026-02-21T18:28:13+02:00 [STREAMING] Client disconnected
2026-02-21T18:28:13+02:00 [STREAMING] New client connected
2026-02-21T18:28:13+02:00 [STREAMING] Client subscribed to device: 46
2026-02-21T18:28:13+02:00 [STREAMING] Client subscribed to device: 47
2026-02-21T18:28:13+02:00 [STREAMING] Client subscribed to device: 48
2026-02-21T18:28:13+02:00 [STREAMING] Client subscribed to device: 48
2026-02-21T18:29:09+02:00 [MQTT-BROKER] Device disconnected: relay001
2026-02-21T18:29:14+02:00 [ALERTS-HANDLER] Started alerts handler
2026-02-21T18:29:14+02:00 [STREAMING] Streaming server started on port: 5003
2026-02-21T18:29:14+02:00 [MQTT-BROKER] MQTT Broker started on port: 5001
2026-02-21T18:29:15+02:00 [PIPELINES] Anomaly detection pipeline started
2026-02-21T18:29:15+02:00 [CMD-CLIENT] Client connected to broker
2026-02-21T18:29:17+02:00 [STREAMING] New client connected
2026-02-21T18:29:17+02:00 [STREAMING] Client subscribed to device: 46
2026-02-21T18:29:17+02:00 [STREAMING] Client subscribed to device: 47
2026-02-21T18:29:17+02:00 [STREAMING] Client subscribed to device: 48
2026-02-21T18:29:17+02:00 [STREAMING] Client subscribed to device: 48
2026-02-21T18:29:24+02:00 [MQTT-BROKER] New device connected: relay001
2026-02-21T18:29:27+02:00 [STREAMING] Error reading message: websocket: close 1001 (going away)
2026-02-21T18:29:27+02:00 [STREAMING] Client disconnected
2026-02-21T18:29:27+02:00 [STREAMING] New client connected
2026-02-21T18:29:27+02:00 [STREAMING] Client subscribed to device: 46
2026-02-21T18:29:27+02:00 [STREAMING] Client subscribed to device: 47
2026-02-21T18:29:27+02:00 [STREAMING] Client subscribed to device: 48
2026-02-21T18:29:27+02:00 [STREAMING] Client subscribed to device: 48
2026-02-21T18:33:29+02:00 [ALERTS-HANDLER] Started alerts handler
2026-02-21T18:33:29+02:00 [STREAMING] Streaming server started on port: 5003
2026-02-21T18:33:29+02:00 [MQTT-BROKER] MQTT Broker started on port: 5001
2026-02-21T18:33:30+02:00 [PIPELINES] Anomaly detection pipeline started
2026-02-21T18:33:30+02:00 [CMD-CLIENT] Client connected to broker
2026-02-21T18:33:33+02:00 [STREAMING] New client connected
2026-02-21T18:33:33+02:00 [STREAMING] Client subscribed to device: 46
2026-02-21T18:33:33+02:00 [STREAMING] Client subscribed to device: 47
2026-02-21T18:33:33+02:00 [STREAMING] Client subscribed to device: 48
2026-02-21T18:33:33+02:00 [STREAMING] Client subscribed to device: 48
2026-02-21T18:33:39+02:00 [STREAMING] New client connected
2026-02-21T18:33:39+02:00 [STREAMING] Client subscribed to device: 46
2026-02-21T18:33:39+02:00 [STREAMING] Client subscribed to device: 47
2026-02-21T18:33:39+02:00 [STREAMING] Client subscribed to device: 48
2026-02-21T18:33:39+02:00 [STREAMING] Client subscribed to device: 48
2026-02-21T18:33:42+02:00 [MQTT-BROKER] New device connected: relay001
2026-02-21T18:33:45+02:00 [STREAMING] Error reading message: websocket: close 1001 (going away)
2026-02-21T18:33:45+02:00 [STREAMING] Client disconnected
2026-02-21T18:33:45+02:00 [STREAMING] Error reading message: websocket: close 1001 (going away)
2026-02-21T18:33:45+02:00 [STREAMING] Client disconnected
2026-02-21T18:33:45+02:00 [STREAMING] New client connected
2026-02-21T18:33:45+02:00 [STREAMING] Client subscribed to device: 46
2026-02-21T18:33:45+02:00 [STREAMING] Client subscribed to device: 47
2026-02-21T18:33:45+02:00 [STREAMING] Client subscribed to device: 48
2026-02-21T18:33:45+02:00 [STREAMING] Client subscribed to device: 48
2026-02-21T18:34:25+02:00 [MQTT-BROKER] New device connected: baq1
2026-02-21T18:34:29+02:00 [STREAMING] Error reading message: websocket: close 1001 (going away)
2026-02-21T18:34:29+02:00 [STREAMING] Client disconnected
2026-02-21T18:34:33+02:00 [STREAMING] New client connected
2026-02-21T18:34:33+02:00 [STREAMING] Client subscribed to device: 46
2026-02-21T18:34:33+02:00 [STREAMING] Client subscribed to device: 47
2026-02-21T18:34:33+02:00 [STREAMING] Client subscribed to device: 48
2026-02-21T18:34:33+02:00 [STREAMING] Client subscribed to device: 48
2026-02-21T18:35:03+02:00 [STREAMING] New client connected
2026-02-21T18:35:03+02:00 [STREAMING] Client subscribed to device: 46
2026-02-21T18:35:03+02:00 [STREAMING] Client subscribed to device: 47
2026-02-21T18:35:03+02:00 [STREAMING] Client subscribed to device: 48
2026-02-21T18:35:03+02:00 [STREAMING] Client subscribed to device: 48
2026-02-21T18:36:14+02:00 [STREAMING] Error reading message: read tcp 192.168.1.183:5003->192.168.1.230:54393: read: connection reset by peer
2026-02-21T18:36:14+02:00 [STREAMING] Client disconnected
2026-02-21T18:36:26+02:00 [ALERTS-HANDLER] Started alerts handler
2026-02-21T18:36:26+02:00 [STREAMING] Streaming server started on port: 5003
2026-02-21T18:36:26+02:00 [MQTT-BROKER] MQTT Broker started on port: 5001
2026-02-21T18:36:27+02:00 [MQTT-BROKER] New device connected: baq1
2026-02-21T18:36:27+02:00 [MQTT-BROKER] New device connected: relay001
2026-02-21T18:36:27+02:00 [PIPELINES] Anomaly detection pipeline started
2026-02-21T18:36:27+02:00 [CMD-CLIENT] Client connected to broker
2026-02-21T18:36:28+02:00 [MQTT-BROKER] Device disconnected: baq1
2026-02-21T18:36:30+02:00 [MQTT-BROKER] Device disconnected: relay001
2026-02-21T18:36:31+02:00 [MQTT-BROKER] New device connected: relay001
2026-02-21T18:36:38+02:00 [STREAMING] New client connected
2026-02-21T18:36:38+02:00 [STREAMING] Client subscribed to device: 46
2026-02-21T18:36:38+02:00 [STREAMING] Client subscribed to device: 47
2026-02-21T18:36:38+02:00 [STREAMING] Client subscribed to device: 48
2026-02-21T18:36:38+02:00 [STREAMING] Client subscribed to device: 48
2026-02-21T18:37:08+02:00 [STREAMING] New client connected
2026-02-21T18:37:08+02:00 [STREAMING] Client subscribed to device: 46
2026-02-21T18:37:08+02:00 [STREAMING] Client subscribed to device: 47
2026-02-21T18:37:08+02:00 [STREAMING] Client subscribed to device: 48
2026-02-21T18:37:08+02:00 [STREAMING] Client subscribed to device: 48
2026-02-21T18:37:32+02:00 [STREAMING] Error reading message: websocket: close 1001 (going away)
2026-02-21T18:37:32+02:00 [STREAMING] Client disconnected
2026-02-21T18:55:56+02:00 [ALERTS-HANDLER] Started alerts handler
2026-02-21T18:55:56+02:00 [STREAMING] Streaming server started on port: 5003
2026-02-21T18:55:56+02:00 [MQTT-BROKER] MQTT Broker started on port: 5001
2026-02-21T18:55:57+02:00 [PIPELINES] Anomaly detection pipeline started
2026-02-21T18:55:57+02:00 [CMD-CLIENT] Client connected to broker
2026-02-21T18:56:17+02:00 [STREAMING] New client connected
2026-02-21T18:56:17+02:00 [STREAMING] Client subscribed to device: 46
2026-02-21T18:56:17+02:00 [STREAMING] Client subscribed to device: 47
2026-02-21T18:56:17+02:00 [STREAMING] Client subscribed to device: 48
2026-02-21T18:56:17+02:00 [STREAMING] Client subscribed to device: 48
2026-02-21T18:56:49+02:00 [MQTT-BROKER] New device connected: baq1
2026-02-21T18:56:58+02:00 [MQTT-BROKER] Device disconnected: baq1
2026-02-21T18:57:01+02:00 [MQTT-BROKER] New device connected: relay001
2026-02-21T18:57:03+02:00 [STREAMING] Error reading message: websocket: close 1001 (going away)
2026-02-21T18:57:03+02:00 [STREAMING] Client disconnected
2026-02-21T18:57:03+02:00 [STREAMING] New client connected
2026-02-21T18:57:03+02:00 [STREAMING] Client subscribed to device: 46
2026-02-21T18:57:03+02:00 [STREAMING] Client subscribed to device: 47
2026-02-21T18:57:03+02:00 [STREAMING] Client subscribed to device: 48
2026-02-21T18:57:03+02:00 [STREAMING] Client subscribed to device: 48
2026-02-21T18:58:06+02:00 [ALERTS-HANDLER] Started alerts handler
2026-02-21T18:58:06+02:00 [STREAMING] Streaming server started on port: 5003
2026-02-21T18:58:06+02:00 [MQTT-BROKER] MQTT Broker started on port: 5001
2026-02-21T18:58:07+02:00 [PIPELINES] Anomaly detection pipeline started
2026-02-21T18:58:07+02:00 [CMD-CLIENT] Client connected to broker
2026-02-21T18:58:08+02:00 [MQTT-BROKER] New device connected: relay001
2026-02-21T18:58:09+02:00 [MQTT-BROKER] New device connected: baq1
2026-02-21T18:58:11+02:00 [MQTT-BROKER] Device disconnected: baq1
2026-02-21T18:58:13+02:00 [MQTT-BROKER] Device disconnected: relay001
2026-02-21T18:58:13+02:00 [MQTT-BROKER] New device connected: relay001
2026-02-21T18:58:16+02:00 [STREAMING] New client connected
2026-02-21T18:58:16+02:00 [STREAMING] Client subscribed to device: 46
2026-02-21T18:58:16+02:00 [STREAMING] Client subscribed to device: 47
2026-02-21T18:58:16+02:00 [STREAMING] Client subscribed to device: 48
2026-02-21T18:58:16+02:00 [STREAMING] Client subscribed to device: 48
2026-02-21T18:58:54+02:00 [STREAMING] New client connected
2026-02-21T18:58:55+02:00 [STREAMING] Client subscribed to device: 46
2026-02-21T18:58:55+02:00 [STREAMING] Client subscribed to device: 47
2026-02-21T18:58:55+02:00 [STREAMING] Client subscribed to device: 48
2026-02-21T18:58:55+02:00 [STREAMING] Client subscribed to device: 48
2026-02-21T18:59:17+02:00 [STREAMING] Error reading message: websocket: close 1001 (going away)
2026-02-21T18:59:17+02:00 [STREAMING] Client disconnected
2026-02-21T18:59:20+02:00 [MQTT-BROKER] Device disconnected: relay001
2026-02-21T18:59:51+02:00 [STREAMING] Error reading message: websocket: close 1001 (going away)
2026-02-21T18:59:51+02:00 [STREAMING] Client disconnected
2026-02-21T18:59:51+02:00 [STREAMING] New client connected
2026-02-21T18:59:51+02:00 [STREAMING] Client subscribed to device: 46
2026-02-21T18:59:51+02:00 [STREAMING] Client subscribed to device: 47
2026-02-21T18:59:51+02:00 [STREAMING] Client subscribed to device: 48
2026-02-21T18:59:51+02:00 [STREAMING] Client subscribed to device: 48
2026-02-21T20:04:41+02:00 [ALERTS-HANDLER] Started alerts handler
2026-02-21T20:04:41+02:00 [STREAMING] Streaming server started on port: 5003
2026-02-21T20:04:41+02:00 [MQTT-BROKER] MQTT Broker started on port: 5001
2026-02-21T20:04:42+02:00 [PIPELINES] Anomaly detection pipeline started
2026-02-21T20:04:42+02:00 [CMD-CLIENT] Client connected to broker
2026-02-21T20:05:16+02:00 [STREAMING] New client connected
2026-02-21T20:05:16+02:00 [STREAMING] Client subscribed to device: 46
2026-02-21T20:05:16+02:00 [STREAMING] Client subscribed to device: 47
2026-02-21T20:05:16+02:00 [STREAMING] Client subscribed to device: 48
2026-02-21T20:05:16+02:00 [STREAMING] Client subscribed to device: 48
2026-02-21T20:06:33+02:00 [STREAMING] Error reading message: websocket: close 1001 (going away)
2026-02-21T20:06:33+02:00 [STREAMING] Client disconnected
2026-02-21T20:06:33+02:00 [STREAMING] New client connected
2026-02-21T20:06:33+02:00 [STREAMING] Client subscribed to device: 46
2026-02-21T20:06:33+02:00 [STREAMING] Client subscribed to device: 47
2026-02-21T20:06:33+02:00 [STREAMING] Client subscribed to device: 48
2026-02-21T20:06:33+02:00 [STREAMING] Client subscribed to device: 48
2026-02-21T20:06:33+02:00 [STREAMING] Client subscribed to device: 48
2026-02-21T20:08:38+02:00 [MQTT-BROKER] New device connected: relay001
2026-02-21T20:08:40+02:00 [STREAMING] Error reading message: websocket: close 1001 (going away)
2026-02-21T20:08:40+02:00 [STREAMING] Client disconnected
2026-02-21T20:08:40+02:00 [STREAMING] New client connected
2026-02-21T20:08:40+02:00 [STREAMING] Client subscribed to device: 46
2026-02-21T20:08:40+02:00 [STREAMING] Client subscribed to device: 47
2026-02-21T20:08:40+02:00 [STREAMING] Client subscribed to device: 48
2026-02-21T20:08:40+02:00 [STREAMING] Client subscribed to device: 48
2026-02-21T20:08:40+02:00 [STREAMING] Client subscribed to device: 48
2026-02-21T20:09:05+02:00 [STREAMING] Error reading message: websocket: close 1001 (going away)
2026-02-21T20:09:05+02:00 [STREAMING] Client disconnected
2026-02-21T20:09:06+02:00 [STREAMING] New client connected
2026-02-21T20:09:06+02:00 [STREAMING] Client subscribed to device: 46
2026-02-21T20:09:06+02:00 [STREAMING] Client subscribed to device: 47
2026-02-21T20:09:06+02:00 [STREAMING] Client subscribed to device: 48
2026-02-21T20:09:06+02:00 [STREAMING] Client subscribed to device: 48
2026-02-21T20:09:06+02:00 [STREAMING] Client subscribed to device: 48
2026-02-21T20:18:16+02:00 [STREAMING] New client connected
2026-02-21T20:18:16+02:00 [STREAMING] Client subscribed to device: 46
2026-02-21T20:18:16+02:00 [STREAMING] Client subscribed to device: 47
2026-02-21T20:18:16+02:00 [STREAMING] Client subscribed to device: 48
2026-02-21T20:18:16+02:00 [STREAMING] Client subscribed to device: 48
2026-02-21T20:18:16+02:00 [STREAMING] Client subscribed to device: 48
2026-02-21T20:18:42+02:00 [STREAMING] Error reading message: websocket: close 1001 (going away)
2026-02-21T20:18:42+02:00 [STREAMING] Client disconnected
2026-02-21T20:25:22+02:00 [MQTT-BROKER] Device disconnected: relay001
2026-02-21T20:25:23+02:00 [STREAMING] Error reading message: websocket: close 1001 (going away)
2026-02-21T20:25:23+02:00 [STREAMING] Client disconnected
2026-02-21T20:25:24+02:00 [STREAMING] New client connected
2026-02-21T20:25:24+02:00 [STREAMING] Client subscribed to device: 46
2026-02-21T20:25:24+02:00 [STREAMING] Client subscribed to device: 47
2026-02-21T20:25:24+02:00 [STREAMING] Client subscribed to device: 48
2026-02-21T20:25:24+02:00 [STREAMING] Client subscribed to device: 48
2026-02-21T20:25:24+02:00 [STREAMING] Client subscribed to device: 48
2026-02-21T20:26:26+02:00 [STREAMING] Error reading message: websocket: close 1001 (going away)
2026-02-21T20:26:26+02:00 [STREAMING] Client disconnected
2026-02-21T20:26:26+02:00 [STREAMING] New client connected
2026-02-21T20:26:26+02:00 [STREAMING] Client subscribed to device: 46
2026-02-21T20:26:26+02:00 [STREAMING] Client subscribed to device: 47
2026-02-21T20:26:26+02:00 [STREAMING] Client subscribed to device: 48
2026-02-21T20:26:26+02:00 [STREAMING] Client subscribed to device: 48
2026-02-21T20:26:26+02:00 [STREAMING] Client subscribed to device: 48
2026-02-21T20:27:14+02:00 [MQTT-BROKER] New device connected: relay001
2026-02-21T20:27:16+02:00 [STREAMING] Error reading message: websocket: close 1001 (going away)
2026-02-21T20:27:16+02:00 [STREAMING] Client disconnected
2026-02-21T20:27:16+02:00 [STREAMING] New client connected
2026-02-21T20:27:16+02:00 [STREAMING] Client subscribed to device: 46
2026-02-21T20:27:16+02:00 [STREAMING] Client subscribed to device: 47
2026-02-21T20:27:16+02:00 [STREAMING] Client subscribed to device: 48
2026-02-21T20:27:16+02:00 [STREAMING] Client subscribed to device: 48
2026-02-21T20:27:16+02:00 [STREAMING] Client subscribed to device: 48
2026-02-21T20:27:22+02:00 [MQTT-BROKER] Device disconnected: relay001
2026-02-21T20:27:25+02:00 [STREAMING] Error reading message: websocket: close 1001 (going away)
2026-02-21T20:27:25+02:00 [STREAMING] Client disconnected
2026-02-21T20:27:26+02:00 [STREAMING] New client connected
2026-02-21T20:27:26+02:00 [STREAMING] Client subscribed to device: 46
2026-02-21T20:27:26+02:00 [STREAMING] Client subscribed to device: 47
2026-02-21T20:27:26+02:00 [STREAMING] Client subscribed to device: 48
2026-02-21T20:27:26+02:00 [STREAMING] Client subscribed to device: 48
2026-02-21T20:27:26+02:00 [STREAMING] Client subscribed to device: 48
2026-02-21T20:29:24+02:00 [STREAMING] Error reading message: websocket: close 1001 (going away)
2026-02-21T20:29:24+02:00 [STREAMING] Client disconnected
2026-02-21T20:29:24+02:00 [STREAMING] New client connected
2026-02-21T20:29:24+02:00 [STREAMING] Client subscribed to device: 46
2026-02-21T20:29:24+02:00 [STREAMING] Client subscribed to device: 47
2026-02-21T20:29:24+02:00 [STREAMING] Client subscribed to device: 48
2026-02-21T20:29:24+02:00 [STREAMING] Client subscribed to device: 48
2026-02-21T20:29:24+02:00 [STREAMING] Client subscribed to device: 48
2026-02-21T20:30:10+02:00 [STREAMING] Error reading message: websocket: close 1001 (going away)
2026-02-21T20:30:10+02:00 [STREAMING] Client disconnected
2026-02-21T20:30:10+02:00 [STREAMING] New client connected
2026-02-21T20:30:10+02:00 [STREAMING] Client subscribed to device: 46
2026-02-21T20:30:10+02:00 [STREAMING] Client subscribed to device: 47
2026-02-21T20:30:10+02:00 [STREAMING] Client subscribed to device: 48
2026-02-21T20:30:10+02:00 [STREAMING] Client subscribed to device: 48
2026-02-21T20:30:10+02:00 [STREAMING] Client subscribed to device: 48
2026-02-21T20:30:30+02:00 [STREAMING] Error reading message: websocket: close 1001 (going away)
2026-02-21T20:30:30+02:00 [STREAMING] Client disconnected
2026-02-21T20:30:30+02:00 [STREAMING] New client connected
2026-02-21T20:30:30+02:00 [STREAMING] Client subscribed to device: 46
2026-02-21T20:30:30+02:00 [STREAMING] Client subscribed to device: 47
2026-02-21T20:30:30+02:00 [STREAMING] Client subscribed to device: 48
2026-02-21T20:30:30+02:00 [STREAMING] Client subscribed to device: 48
2026-02-21T20:30:30+02:00 [STREAMING] Client subscribed to device: 48
2026-02-21T20:30:54+02:00 [STREAMING] Error reading message: websocket: close 1001 (going away)
2026-02-21T20:30:54+02:00 [STREAMING] Client disconnected
2026-02-21T20:30:54+02:00 [STREAMING] New client connected
2026-02-21T20:30:54+02:00 [STREAMING] Client subscribed to device: 46
2026-02-21T20:30:54+02:00 [STREAMING] Client subscribed to device: 47
2026-02-21T20:30:54+02:00 [STREAMING] Client subscribed to device: 48
2026-02-21T20:30:54+02:00 [STREAMING] Client subscribed to device: 48
2026-02-21T20:30:54+02:00 [STREAMING] Client subscribed to device: 48
2026-02-21T20:31:45+02:00 [STREAMING] Error reading message: websocket: close 1001 (going away)
2026-02-21T20:31:45+02:00 [STREAMING] Client disconnected
2026-02-21T20:31:45+02:00 [STREAMING] New client connected
2026-02-21T20:31:45+02:00 [STREAMING] Client subscribed to device: 46
2026-02-21T20:31:45+02:00 [STREAMING] Client subscribed to device: 47
2026-02-21T20:31:45+02:00 [STREAMING] Client subscribed to device: 48
2026-02-21T20:31:45+02:00 [STREAMING] Client subscribed to device: 48
2026-02-21T20:31:45+02:00 [STREAMING] Client subscribed to device: 48
2026-02-21T20:33:48+02:00 [STREAMING] Error reading message: websocket: close 1001 (going away)
2026-02-21T20:33:48+02:00 [STREAMING] Client disconnected
2026-02-21T20:33:49+02:00 [STREAMING] New client connected
2026-02-21T20:33:49+02:00 [STREAMING] Client subscribed to device: 46
2026-02-21T20:33:49+02:00 [STREAMING] Client subscribed to device: 47
2026-02-21T20:33:49+02:00 [STREAMING] Client subscribed to device: 48
2026-02-21T20:33:49+02:00 [STREAMING] Client subscribed to device: 48
2026-02-21T20:33:49+02:00 [STREAMING] Client subscribed to device: 48
2026-02-21T20:34:46+02:00 [STREAMING] Error reading message: websocket: close 1001 (going away)
2026-02-21T20:34:46+02:00 [STREAMING] Client disconnected
2026-02-21T20:34:47+02:00 [STREAMING] New client connected
2026-02-21T20:34:47+02:00 [STREAMING] Client subscribed to device: 46
2026-02-21T20:34:47+02:00 [STREAMING] Client subscribed to device: 47
2026-02-21T20:34:47+02:00 [STREAMING] Client subscribed to device: 48
2026-02-21T20:34:47+02:00 [STREAMING] Client subscribed to device: 48
2026-02-21T20:34:47+02:00 [STREAMING] Client subscribed to device: 48
2026-02-21T20:34:54+02:00 [MQTT-BROKER] New device connected: relay001
2026-02-21T20:34:56+02:00 [STREAMING] Error reading message: websocket: close 1001 (going away)
2026-02-21T20:34:56+02:00 [STREAMING] Client disconnected
2026-02-21T20:34:56+02:00 [STREAMING] New client connected
2026-02-21T20:34:56+02:00 [STREAMING] Client subscribed to device: 46
2026-02-21T20:34:56+02:00 [STREAMING] Client subscribed to device: 47
2026-02-21T20:34:56+02:00 [STREAMING] Client subscribed to device: 48
2026-02-21T20:34:56+02:00 [STREAMING] Client subscribed to device: 48
2026-02-21T20:34:56+02:00 [STREAMING] Client subscribed to device: 48
2026-02-21T20:35:26+02:00 [STREAMING] Error reading message: websocket: close 1001 (going away)
2026-02-21T20:35:26+02:00 [STREAMING] Client disconnected
2026-02-21T20:35:27+02:00 [STREAMING] New client connected
2026-02-21T20:35:27+02:00 [STREAMING] Client subscribed to device: 46
2026-02-21T20:35:27+02:00 [STREAMING] Client subscribed to device: 47
2026-02-21T20:35:27+02:00 [STREAMING] Client subscribed to device: 48
2026-02-21T20:35:27+02:00 [STREAMING] Client subscribed to device: 48
2026-02-21T20:35:27+02:00 [STREAMING] Client subscribed to device: 48
2026-02-21T20:40:14+02:00 [STREAMING] Error reading message: websocket: close 1001 (going away)
2026-02-21T20:40:14+02:00 [STREAMING] Client disconnected
2026-02-21T20:40:25+02:00 [STREAMING] New client connected
2026-02-21T20:40:25+02:00 [STREAMING] Client subscribed to device: 46
2026-02-21T20:40:25+02:00 [STREAMING] Client subscribed to device: 47
2026-02-21T20:40:25+02:00 [STREAMING] Client subscribed to device: 48
2026-02-21T20:40:25+02:00 [STREAMING] Client subscribed to device: 48
2026-02-21T20:40:25+02:00 [STREAMING] Client subscribed to device: 48
2026-02-21T20:40:50+02:00 [ALERTS-HANDLER] Started alerts handler
2026-02-21T20:40:50+02:00 [STREAMING] Streaming server started on port: 5003
2026-02-21T20:40:50+02:00 [MQTT-BROKER] MQTT Broker started on port: 5001
2026-02-21T20:40:50+02:00 [MQTT-BROKER] New device connected: relay001
2026-02-21T20:40:51+02:00 [PIPELINES] Anomaly detection pipeline started
2026-02-21T20:40:51+02:00 [CMD-CLIENT] Client connected to broker
2026-02-21T20:40:52+02:00 [STREAMING] New client connected
2026-02-21T20:40:52+02:00 [STREAMING] Client subscribed to device: 46
2026-02-21T20:40:52+02:00 [STREAMING] Client subscribed to device: 47
2026-02-21T20:40:52+02:00 [STREAMING] Client subscribed to device: 48
2026-02-21T20:40:52+02:00 [STREAMING] Client subscribed to device: 48
2026-02-21T20:40:52+02:00 [STREAMING] Client subscribed to device: 48
2026-02-21T20:41:04+02:00 [MQTT-BROKER] Device disconnected: relay001
2026-02-21T20:41:10+02:00 [STREAMING] Error reading message: websocket: close 1001 (going away)
2026-02-21T20:41:10+02:00 [STREAMING] Client disconnected
2026-02-21T20:41:11+02:00 [STREAMING] New client connected
2026-02-21T20:41:11+02:00 [STREAMING] Client subscribed to device: 46
2026-02-21T20:41:11+02:00 [STREAMING] Client subscribed to device: 47
2026-02-21T20:41:11+02:00 [STREAMING] Client subscribed to device: 48
2026-02-21T20:41:11+02:00 [STREAMING] Client subscribed to device: 48
2026-02-21T20:41:11+02:00 [STREAMING] Client subscribed to device: 48
2026-02-21T20:42:47+02:00 [MQTT-BROKER] New device connected: relay001
2026-02-21T20:42:49+02:00 [STREAMING] Error reading message: websocket: close 1001 (going away)
2026-02-21T20:42:49+02:00 [STREAMING] Client disconnected
2026-02-21T20:42:49+02:00 [STREAMING] New client connected
2026-02-21T20:42:49+02:00 [STREAMING] Client subscribed to device: 46
2026-02-21T20:42:49+02:00 [STREAMING] Client subscribed to device: 47
2026-02-21T20:42:49+02:00 [STREAMING] Client subscribed to device: 48
2026-02-21T20:42:49+02:00 [STREAMING] Client subscribed to device: 48
2026-02-21T20:42:49+02:00 [STREAMING] Client subscribed to device: 48
2026-02-21T20:42:55+02:00 [STREAMING] Error reading message: websocket: close 1001 (going away)
2026-02-21T20:42:55+02:00 [STREAMING] Client disconnected
2026-02-21T20:42:55+02:00 [STREAMING] New client connected
2026-02-21T20:42:55+02:00 [STREAMING] Client subscribed to device: 46
2026-02-21T20:42:55+02:00 [STREAMING] Client subscribed to device: 47
2026-02-21T20:42:55+02:00 [STREAMING] Client subscribed to device: 48
2026-02-21T20:42:55+02:00 [STREAMING] Client subscribed to device: 48
2026-02-21T20:42:55+02:00 [STREAMING] Client subscribed to device: 48
2026-02-21T20:43:00+02:00 [STREAMING] Error reading message: websocket: close 1001 (going away)
2026-02-21T20:43:00+02:00 [STREAMING] Client disconnected
2026-02-21T20:43:00+02:00 [STREAMING] New client connected
2026-02-21T20:43:00+02:00 [STREAMING] Client subscribed to device: 46
2026-02-21T20:43:00+02:00 [STREAMING] Client subscribed to device: 47
2026-02-21T20:43:00+02:00 [STREAMING] Client subscribed to device: 48
2026-02-21T20:43:00+02:00 [STREAMING] Client subscribed to device: 48
2026-02-21T20:43:00+02:00 [STREAMING] Client subscribed to device: 48
2026-02-21T20:45:27+02:00 [STREAMING] Error reading message: websocket: close 1001 (going away)
2026-02-21T20:45:27+02:00 [STREAMING] Client disconnected
2026-02-21T20:45:27+02:00 [STREAMING] New client connected
2026-02-21T20:45:27+02:00 [STREAMING] Client subscribed to device: 46
2026-02-21T20:45:27+02:00 [STREAMING] Client subscribed to device: 47
2026-02-21T20:45:27+02:00 [STREAMING] Client subscribed to device: 48
2026-02-21T20:45:27+02:00 [STREAMING] Client subscribed to device: 48
2026-02-21T20:45:27+02:00 [STREAMING] Client subscribed to device: 48
2026-02-21T20:45:33+02:00 [STREAMING] Error reading message: websocket: close 1001 (going away)
2026-02-21T20:45:33+02:00 [STREAMING] Client disconnected
2026-02-21T20:45:33+02:00 [STREAMING] New client connected
2026-02-21T20:45:33+02:00 [STREAMING] Client subscribed to device: 46
2026-02-21T20:45:33+02:00 [STREAMING] Client subscribed to device: 47
2026-02-21T20:45:33+02:00 [STREAMING] Client subscribed to device: 48
2026-02-21T20:45:33+02:00 [STREAMING] Client subscribed to device: 48
2026-02-21T20:45:33+02:00 [STREAMING] Client subscribed to device: 48
2026-02-21T20:45:37+02:00 [STREAMING] Error reading message: websocket: close 1001 (going away)
2026-02-21T20:45:37+02:00 [STREAMING] Client disconnected
2026-02-21T20:45:37+02:00 [STREAMING] New client connected
2026-02-21T20:45:37+02:00 [STREAMING] Client subscribed to device: 46
2026-02-21T20:45:37+02:00 [STREAMING] Client subscribed to device: 47
2026-02-21T20:45:37+02:00 [STREAMING] Client subscribed to device: 48
2026-02-21T20:45:37+02:00 [STREAMING] Client subscribed to device: 48
2026-02-21T20:45:37+02:00 [STREAMING] Client subscribed to device: 48
2026-02-21T20:45:45+02:00 [STREAMING] Error reading message: websocket: close 1001 (going away)
2026-02-21T20:45:45+02:00 [STREAMING] Client disconnected
2026-02-21T20:45:45+02:00 [STREAMING] New client connected
2026-02-21T20:45:45+02:00 [STREAMING] Client subscribed to device: 46
2026-02-21T20:45:45+02:00 [STREAMING] Client subscribed to device: 47
2026-02-21T20:45:45+02:00 [STREAMING] Client subscribed to device: 48
2026-02-21T20:46:04+02:00 [STREAMING] New client connected
2026-02-21T20:46:04+02:00 [STREAMING] Client subscribed to device: 46
2026-02-21T20:46:04+02:00 [STREAMING] Client subscribed to device: 47
2026-02-21T20:46:04+02:00 [STREAMING] Client subscribed to device: 48
2026-02-21T20:46:23+02:00 [STREAMING] Error reading message: read tcp 192.168.1.183:5003->192.168.1.230:64051: read: connection reset by peer
2026-02-21T20:46:23+02:00 [STREAMING] Client disconnected
2026-02-21T20:46:28+02:00 [STREAMING] New client connected
2026-02-21T20:46:28+02:00 [STREAMING] Client subscribed to device: 46
2026-02-21T20:46:28+02:00 [STREAMING] Client subscribed to device: 47
2026-02-21T20:47:07+02:00 [STREAMING] Error reading message: websocket: close 1001 (going away)
2026-02-21T20:47:07+02:00 [STREAMING] Client disconnected
2026-02-21T20:47:07+02:00 [STREAMING] New client connected
2026-02-21T20:47:07+02:00 [STREAMING] Client subscribed to device: 46
2026-02-21T20:47:07+02:00 [STREAMING] Client subscribed to device: 47
2026-02-21T20:47:07+02:00 [STREAMING] Client subscribed to device: 48
2026-02-21T20:47:14+02:00 [STREAMING] Error reading message: read tcp 192.168.1.183:5003->192.168.1.230:64083: read: connection reset by peer
2026-02-21T20:47:14+02:00 [STREAMING] Client disconnected
2026-02-21T20:47:34+02:00 [STREAMING] Error reading message: websocket: close 1001 (going away)
2026-02-21T20:47:34+02:00 [STREAMING] Client disconnected
2026-02-21T20:47:35+02:00 [STREAMING] New client connected
2026-02-21T20:47:35+02:00 [STREAMING] Client subscribed to device: 46
2026-02-21T20:47:35+02:00 [STREAMING] Client subscribed to device: 47
2026-02-21T20:47:35+02:00 [STREAMING] Client subscribed to device: 48
2026-02-21T20:48:25+02:00 [STREAMING] New client connected
2026-02-21T20:48:25+02:00 [STREAMING] Client subscribed to device: 46
2026-02-21T20:48:25+02:00 [STREAMING] Client subscribed to device: 47
2026-02-21T20:48:25+02:00 [STREAMING] Client subscribed to device: 48
2026-02-21T20:48:27+02:00 [STREAMING] Error reading message: websocket: close 1001 (going away)
2026-02-21T20:48:27+02:00 [STREAMING] Error reading message: websocket: close 1001 (going away)
2026-02-21T20:48:27+02:00 [STREAMING] Client disconnected
2026-02-21T20:48:27+02:00 [STREAMING] Client disconnected
2026-02-21T20:48:27+02:00 [STREAMING] New client connected
2026-02-21T20:48:27+02:00 [STREAMING] Client subscribed to device: 46
2026-02-21T20:48:27+02:00 [STREAMING] Client subscribed to device: 47
2026-02-21T20:48:27+02:00 [STREAMING] Client subscribed to device: 48
2026-02-21T20:48:39+02:00 [STREAMING] New client connected
2026-02-21T20:48:39+02:00 [STREAMING] Client subscribed to device: 46
2026-02-21T20:48:39+02:00 [STREAMING] Client subscribed to device: 47
2026-02-21T20:48:39+02:00 [STREAMING] Client subscribed to device: 48
2026-02-21T20:48:45+02:00 [MQTT-BROKER] Device disconnected: relay001
2026-02-21T20:48:47+02:00 [STREAMING] Error reading message: websocket: close 1001 (going away)
2026-02-21T20:48:47+02:00 [STREAMING] Client disconnected
2026-02-21T20:48:47+02:00 [STREAMING] Error reading message: websocket: close 1001 (going away)
2026-02-21T20:48:47+02:00 [STREAMING] Client disconnected
2026-02-21T20:48:47+02:00 [STREAMING] New client connected
2026-02-21T20:48:47+02:00 [STREAMING] Client subscribed to device: 46
2026-02-21T20:48:47+02:00 [STREAMING] Client subscribed to device: 47
2026-02-21T20:48:47+02:00 [STREAMING] Client subscribed to device: 48
2026-02-21T20:48:53+02:00 [MQTT-BROKER] New device connected: relay001
2026-02-21T20:48:55+02:00 [STREAMING] Error reading message: websocket: close 1001 (going away)
2026-02-21T20:48:55+02:00 [STREAMING] Client disconnected
2026-02-21T20:48:55+02:00 [STREAMING] New client connected
2026-02-21T20:48:55+02:00 [STREAMING] Client subscribed to device: 46
2026-02-21T20:48:55+02:00 [STREAMING] Client subscribed to device: 47
2026-02-21T20:48:55+02:00 [STREAMING] Client subscribed to device: 48
2026-02-21T20:49:05+02:00 [MQTT-BROKER] Device disconnected: relay001
2026-02-21T20:49:07+02:00 [STREAMING] Error reading message: websocket: close 1001 (going away)
2026-02-21T20:49:07+02:00 [STREAMING] Client disconnected
2026-02-21T20:49:07+02:00 [STREAMING] New client connected
2026-02-21T20:49:07+02:00 [STREAMING] Client subscribed to device: 46
2026-02-21T20:49:07+02:00 [STREAMING] Client subscribed to device: 47
2026-02-21T20:49:07+02:00 [STREAMING] Client subscribed to device: 48
2026-02-21T20:58:10+02:00 [STREAMING] New client connected
2026-02-21T20:58:10+02:00 [STREAMING] Client subscribed to device: 46
2026-02-21T20:58:10+02:00 [STREAMING] Client subscribed to device: 47
2026-02-21T20:58:10+02:00 [STREAMING] Client subscribed to device: 48
